NIE
405905 1572435
115905 278015
NIE
NIE
4242 9647
715462 1755055
2040085 4749392
6348 27530
NIE
4383710 27601287
1759802 4592347
1442604 2907397
4894079 21961698
23615 61450
3649740 31956101
1341471 2897060
NIE
40044 111399
NIE
1130607 8813374
139984 436125
1799175 16285082
10230097 39556398
2517076 15361907
895624 1832611
4261286 11096259
1113922 4755713
379057 928826
308914 637147
84333 198599
NIE
4304239 9275156
56423 122949
1328237 7789308
2810935 7576926
2883323 32261422
8450532 32952829
4916 40965
10346 38312
1087762 2521253
8026820 17026333
