abba
bbaabbbb
bbabaa
baabb
abaab
aabbbbbb
abaaa
aabbbab
abbbb
aabaabaa
aaaa
aabaaaaaaa
abbab
babbabb
bbabbaaaa
baaa
babaa
baaaabaab
bbab
babbbabba
aaaab
aabab
bbaaa
aaababbaa
abba
aaabb
bbbabbb
babaa
abbaaba
aaaabaabbaa
bbbba
abbaaaa
abbbaa
abbabba
abaaaababb
abaaabbab
baababa
bbbba
bbababaabab
bbbbbbab
aabbaabb
ababba
aaaab
bbabbab
abbbba
aabaaaa
babab
bbbaab
abbbbbbb
aabbaab
baaaa
aaaabab
babbabbaab
baaba
abbaab
bbbbbb
aaaabaaaa
bbabaaabb
aaaba
aabbaaaaaab
bbbaaaaa
bbaa
bbbbaa
abbaabbaaa
bbbabaaaa
abaababbbb
babbbb
aa
bbaab
babba
aabbbbbab
aaaabaaaa
aababaaaabb
bbaba
aabb
bbbbbaabbba
baaaabbab
aababa
abbbbbaba
abbabbbbb
baa
abbaaabb
babbbb
bb
abbaaab
abbab
aaabb
bbaab
aaabb
aaabba
baaaba
aabbaa
aaaaabbab
babaaa
abbbb
abbaa
babb
babbb
bbbba
baaaabaa
